<?xml version="1.0" encoding="UTF-8"?>
<!-- Generated by org.testng.reporters.JUnitReportReporter -->
<testsuite hostname="DESKTOP-BUC2KR9" failures="0" tests="2" name="seleniumAutomation.NewTest" time="12.425" errors="0" timestamp="2022-11-14T19:35:23 PST" skipped="0">
  <testcase classname="seleniumAutomation.NewTest" name="f" time="10.041"/>
  <system-out/>
  <testcase classname="seleniumAutomation.NewTest" name="f" time="2.384"/>
  <system-out/>
</testsuite> <!-- seleniumAutomation.NewTest -->
