<?xml version="1.0" encoding="UTF-8"?>
<!-- Generated by org.testng.reporters.JUnitReportReporter -->
<testsuite hostname="DESKTOP-BUC2KR9" failures="0" tests="2" name="seleniumAutomation.dataprovider" time="19.480" errors="0" timestamp="2022-11-14T19:40:38 PST" skipped="0">
  <testcase classname="seleniumAutomation.dataprovider" name="f" time="15.920"/>
  <system-out/>
  <testcase classname="seleniumAutomation.dataprovider" name="f" time="3.560"/>
  <system-out/>
</testsuite> <!-- seleniumAutomation.dataprovider -->
